{"/Users/xusheng/Desktop/FE/exercise/ts-cli/src/default.ts": {"path":"/Users/xusheng/Desktop/FE/exercise/ts-cli/src/default.ts","statementMap":{"0":{"start":{"line":1,"column":0},"end":{"line":1,"column":51}},"1":{"start":{"line":2,"column":0},"end":{"line":2,"column":69}},"2":{"start":{"line":4,"column":37},"end":{"line":28,"column":2}},"3":{"start":{"line":16,"column":12},"end":{"line":16,"column":42}},"4":{"start":{"line":17,"column":12},"end":{"line":17,"column":42}},"5":{"start":{"line":22,"column":12},"end":{"line":22,"column":43}},"6":{"start":{"line":26,"column":8},"end":{"line":26,"column":45}},"7":{"start":{"line":30,"column":22},"end":{"line":30,"column":58}},"8":{"start":{"line":32,"column":0},"end":{"line":34,"column":3}},"9":{"start":{"line":33,"column":4},"end":{"line":33,"column":34}},"10":{"start":{"line":36,"column":24},"end":{"line":36,"column":48}},"11":{"start":{"line":38,"column":0},"end":{"line":42,"column":3}},"12":{"start":{"line":39,"column":4},"end":{"line":41,"column":6}},"13":{"start":{"line":43,"column":0},"end":{"line":43,"column":24}}},"fnMap":{"0":{"name":"(anonymous_0)","decl":{"start":{"line":15,"column":8},"end":{"line":15,"column":18}},"loc":{"start":{"line":15,"column":41},"end":{"line":18,"column":9}}},"1":{"name":"(anonymous_1)","decl":{"start":{"line":21,"column":8},"end":{"line":21,"column":18}},"loc":{"start":{"line":21,"column":27},"end":{"line":23,"column":9}}},"2":{"name":"(anonymous_2)","decl":{"start":{"line":25,"column":4},"end":{"line":25,"column":18}},"loc":{"start":{"line":25,"column":33},"end":{"line":27,"column":5}}},"3":{"name":"(anonymous_3)","decl":{"start":{"line":32,"column":22},"end":{"line":32,"column":23}},"loc":{"start":{"line":32,"column":33},"end":{"line":34,"column":1}}},"4":{"name":"(anonymous_4)","decl":{"start":{"line":38,"column":24},"end":{"line":38,"column":25}},"loc":{"start":{"line":38,"column":35},"end":{"line":42,"column":1}}}},"branchMap":{"0":{"loc":{"start":{"line":26,"column":15},"end":{"line":26,"column":44}},"type":"binary-expr","locations":[{"start":{"line":26,"column":15},"end":{"line":26,"column":28}},{"start":{"line":26,"column":32},"end":{"line":26,"column":44}}]}},"s":{"0":0,"1":0,"2":0,"3":0,"4":0,"5":0,"6":0,"7":0,"8":0,"9":0,"10":0,"11":0,"12":0,"13":0},"f":{"0":0,"1":0,"2":0,"3":0,"4":0},"b":{"0":[0,0]}}
,"/Users/xusheng/Desktop/FE/exercise/ts-cli/src/index.ts": {"path":"/Users/xusheng/Desktop/FE/exercise/ts-cli/src/index.ts","statementMap":{"0":{"start":{"line":2,"column":0},"end":{"line":2,"column":33}},"1":{"start":{"line":3,"column":0},"end":{"line":3,"column":40}},"2":{"start":{"line":4,"column":0},"end":{"line":4,"column":33}},"3":{"start":{"line":5,"column":0},"end":{"line":5,"column":45}},"4":{"start":{"line":6,"column":0},"end":{"line":6,"column":47}},"5":{"start":{"line":7,"column":0},"end":{"line":7,"column":51}},"6":{"start":{"line":10,"column":20},"end":{"line":10,"column":37}},"7":{"start":{"line":11,"column":21},"end":{"line":11,"column":58}},"8":{"start":{"line":13,"column":4},"end":{"line":13,"column":30}},"9":{"start":{"line":16,"column":4},"end":{"line":16,"column":37}},"10":{"start":{"line":18,"column":14},"end":{"line":18,"column":32}},"11":{"start":{"line":19,"column":0},"end":{"line":21,"column":2}},"12":{"start":{"line":20,"column":4},"end":{"line":20,"column":51}},"13":{"start":{"line":22,"column":0},"end":{"line":22,"column":32}},"14":{"start":{"line":23,"column":0},"end":{"line":23,"column":22}},"15":{"start":{"line":24,"column":0},"end":{"line":24,"column":26}},"16":{"start":{"line":25,"column":0},"end":{"line":25,"column":21}}},"fnMap":{"0":{"name":"getAxios","decl":{"start":{"line":9,"column":9},"end":{"line":9,"column":17}},"loc":{"start":{"line":9,"column":44},"end":{"line":17,"column":1}}},"1":{"name":"(anonymous_8)","decl":{"start":{"line":19,"column":15},"end":{"line":19,"column":25}},"loc":{"start":{"line":19,"column":51},"end":{"line":21,"column":1}}}},"branchMap":{},"s":{"0":0,"1":0,"2":0,"3":0,"4":0,"5":0,"6":0,"7":0,"8":0,"9":0,"10":0,"11":0,"12":0,"13":0,"14":0,"15":0,"16":0},"f":{"0":0,"1":0},"b":{}}
,"/Users/xusheng/Desktop/FE/exercise/ts-cli/src/cancel/cancel.ts": {"path":"/Users/xusheng/Desktop/FE/exercise/ts-cli/src/cancel/cancel.ts","statementMap":{"0":{"start":{"line":5,"column":8},"end":{"line":5,"column":31}},"1":{"start":{"line":1,"column":0},"end":{"line":1,"column":21}},"2":{"start":{"line":10,"column":4},"end":{"line":10,"column":35}},"3":{"start":{"line":9,"column":0},"end":{"line":9,"column":16}}},"fnMap":{"0":{"name":"(anonymous_0)","decl":{"start":{"line":4,"column":4},"end":{"line":4,"column":16}},"loc":{"start":{"line":4,"column":32},"end":{"line":6,"column":5}}},"1":{"name":"isCancel","decl":{"start":{"line":9,"column":16},"end":{"line":9,"column":24}},"loc":{"start":{"line":9,"column":35},"end":{"line":11,"column":1}}}},"branchMap":{},"s":{"0":0,"1":0,"2":0,"3":0},"f":{"0":0,"1":0},"b":{}}
,"/Users/xusheng/Desktop/FE/exercise/ts-cli/src/core/Axios.ts": {"path":"/Users/xusheng/Desktop/FE/exercise/ts-cli/src/core/Axios.ts","statementMap":{"0":{"start":{"line":9,"column":0},"end":{"line":9,"column":48}},"1":{"start":{"line":10,"column":0},"end":{"line":10,"column":54}},"2":{"start":{"line":11,"column":0},"end":{"line":11,"column":40}},"3":{"start":{"line":27,"column":14},"end":{"line":35,"column":56}},"4":{"start":{"line":29,"column":4},"end":{"line":29,"column":31}},"5":{"start":{"line":31,"column":4},"end":{"line":34,"column":6}},"6":{"start":{"line":37,"column":0},"end":{"line":37,"column":21}},"7":{"start":{"line":38,"column":0},"end":{"line":71,"column":2}},"8":{"start":{"line":39,"column":4},"end":{"line":44,"column":null}},"9":{"start":{"line":40,"column":8},"end":{"line":40,"column":38}},"10":{"start":{"line":41,"column":8},"end":{"line":41,"column":25}},"11":{"start":{"line":43,"column":8},"end":{"line":43,"column":21}},"12":{"start":{"line":45,"column":4},"end":{"line":45,"column":48}},"13":{"start":{"line":47,"column":34},"end":{"line":52,"column":6}},"14":{"start":{"line":54,"column":4},"end":{"line":56,"column":7}},"15":{"start":{"line":55,"column":8},"end":{"line":55,"column":35}},"16":{"start":{"line":58,"column":4},"end":{"line":60,"column":7}},"17":{"start":{"line":59,"column":8},"end":{"line":59,"column":32}},"18":{"start":{"line":62,"column":18},"end":{"line":62,"column":41}},"19":{"start":{"line":64,"column":4},"end":{"line":67,"column":null}},"20":{"start":{"line":65,"column":39},"end":{"line":65,"column":53}},"21":{"start":{"line":66,"column":8},"end":{"line":66,"column":51}},"22":{"start":{"line":69,"column":4},"end":{"line":69,"column":19}},"23":{"start":{"line":72,"column":0},"end":{"line":77,"column":2}},"24":{"start":{"line":76,"column":4},"end":{"line":76,"column":62}},"25":{"start":{"line":78,"column":0},"end":{"line":83,"column":2}},"26":{"start":{"line":82,"column":4},"end":{"line":82,"column":65}},"27":{"start":{"line":84,"column":0},"end":{"line":89,"column":2}},"28":{"start":{"line":88,"column":4},"end":{"line":88,"column":63}},"29":{"start":{"line":90,"column":0},"end":{"line":95,"column":2}},"30":{"start":{"line":94,"column":4},"end":{"line":94,"column":66}},"31":{"start":{"line":96,"column":0},"end":{"line":102,"column":2}},"32":{"start":{"line":101,"column":4},"end":{"line":101,"column":66}},"33":{"start":{"line":103,"column":0},"end":{"line":109,"column":2}},"34":{"start":{"line":108,"column":4},"end":{"line":108,"column":65}},"35":{"start":{"line":110,"column":0},"end":{"line":116,"column":2}},"36":{"start":{"line":115,"column":4},"end":{"line":115,"column":67}},"37":{"start":{"line":118,"column":0},"end":{"line":129,"column":2}},"38":{"start":{"line":123,"column":4},"end":{"line":128,"column":6}},"39":{"start":{"line":130,"column":0},"end":{"line":143,"column":2}},"40":{"start":{"line":136,"column":4},"end":{"line":142,"column":6}}},"fnMap":{"0":{"name":"(anonymous_1)","decl":{"start":{"line":27,"column":14},"end":{"line":27,"column":37}},"loc":{"start":{"line":27,"column":67},"end":{"line":35,"column":56}}},"1":{"name":"(anonymous_2)","decl":{"start":{"line":38,"column":26},"end":{"line":38,"column":36}},"loc":{"start":{"line":38,"column":72},"end":{"line":71,"column":1}}},"2":{"name":"(anonymous_3)","decl":{"start":{"line":54,"column":38},"end":{"line":54,"column":39}},"loc":{"start":{"line":54,"column":68},"end":{"line":56,"column":5}}},"3":{"name":"(anonymous_4)","decl":{"start":{"line":58,"column":39},"end":{"line":58,"column":40}},"loc":{"start":{"line":58,"column":69},"end":{"line":60,"column":5}}},"4":{"name":"(anonymous_5)","decl":{"start":{"line":72,"column":22},"end":{"line":72,"column":null}},"loc":{"start":{"line":74,"column":31},"end":{"line":77,"column":1}}},"5":{"name":"(anonymous_6)","decl":{"start":{"line":78,"column":25},"end":{"line":78,"column":null}},"loc":{"start":{"line":80,"column":31},"end":{"line":83,"column":1}}},"6":{"name":"(anonymous_7)","decl":{"start":{"line":84,"column":23},"end":{"line":84,"column":null}},"loc":{"start":{"line":86,"column":31},"end":{"line":89,"column":1}}},"7":{"name":"(anonymous_8)","decl":{"start":{"line":90,"column":26},"end":{"line":90,"column":null}},"loc":{"start":{"line":92,"column":31},"end":{"line":95,"column":1}}},"8":{"name":"(anonymous_9)","decl":{"start":{"line":96,"column":23},"end":{"line":96,"column":null}},"loc":{"start":{"line":99,"column":31},"end":{"line":102,"column":1}}},"9":{"name":"(anonymous_10)","decl":{"start":{"line":103,"column":22},"end":{"line":103,"column":null}},"loc":{"start":{"line":106,"column":31},"end":{"line":109,"column":1}}},"10":{"name":"(anonymous_11)","decl":{"start":{"line":110,"column":24},"end":{"line":110,"column":null}},"loc":{"start":{"line":113,"column":31},"end":{"line":116,"column":1}}},"11":{"name":"(anonymous_12)","decl":{"start":{"line":118,"column":44},"end":{"line":118,"column":null}},"loc":{"start":{"line":121,"column":31},"end":{"line":129,"column":1}}},"12":{"name":"(anonymous_13)","decl":{"start":{"line":130,"column":41},"end":{"line":130,"column":null}},"loc":{"start":{"line":134,"column":31},"end":{"line":143,"column":1}}}},"branchMap":{"0":{"loc":{"start":{"line":39,"column":4},"end":{"line":44,"column":null}},"type":"if","locations":[{"start":{"line":39,"column":4},"end":{"line":44,"column":null}},{"start":{"line":42,"column":11},"end":{"line":44,"column":null}}]},"1":{"loc":{"start":{"line":40,"column":17},"end":{"line":40,"column":37}},"type":"cond-expr","locations":[{"start":{"line":40,"column":26},"end":{"line":40,"column":32}},{"start":{"line":40,"column":35},"end":{"line":40,"column":37}}]},"2":{"loc":{"start":{"line":124,"column":22},"end":{"line":124,"column":34}},"type":"binary-expr","locations":[{"start":{"line":124,"column":22},"end":{"line":124,"column":28}},{"start":{"line":124,"column":32},"end":{"line":124,"column":34}}]},"3":{"loc":{"start":{"line":137,"column":22},"end":{"line":137,"column":34}},"type":"binary-expr","locations":[{"start":{"line":137,"column":22},"end":{"line":137,"column":28}},{"start":{"line":137,"column":32},"end":{"line":137,"column":34}}]}},"s":{"0":0,"1":0,"2":0,"3":0,"4":0,"5":0,"6":0,"7":0,"8":0,"9":0,"10":0,"11":0,"12":0,"13":0,"14":0,"15":0,"16":0,"17":0,"18":0,"19":0,"20":0,"21":0,"22":0,"23":0,"24":0,"25":0,"26":0,"27":0,"28":0,"29":0,"30":0,"31":0,"32":0,"33":0,"34":0,"35":0,"36":0,"37":0,"38":0,"39":0,"40":0},"f":{"0":0,"1":0,"2":0,"3":0,"4":0,"5":0,"6":0,"7":0,"8":0,"9":0,"10":0,"11":0,"12":0},"b":{"0":[0,0],"1":[0,0],"2":[0,0],"3":[0,0]}}
,"/Users/xusheng/Desktop/FE/exercise/ts-cli/src/core/interceptorManager.ts": {"path":"/Users/xusheng/Desktop/FE/exercise/ts-cli/src/core/interceptorManager.ts","statementMap":{"0":{"start":{"line":11,"column":8},"end":{"line":11,"column":31}},"1":{"start":{"line":14,"column":8},"end":{"line":17,"column":11}},"2":{"start":{"line":18,"column":8},"end":{"line":18,"column":44}},"3":{"start":{"line":21,"column":8},"end":{"line":25,"column":11}},"4":{"start":{"line":22,"column":12},"end":{"line":24,"column":null}},"5":{"start":{"line":23,"column":16},"end":{"line":23,"column":32}},"6":{"start":{"line":28,"column":8},"end":{"line":30,"column":null}},"7":{"start":{"line":29,"column":12},"end":{"line":29,"column":41}},"8":{"start":{"line":7,"column":0},"end":{"line":7,"column":21}}},"fnMap":{"0":{"name":"(anonymous_0)","decl":{"start":{"line":10,"column":4},"end":{"line":10,"column":null}},"loc":{"start":{"line":10,"column":4},"end":{"line":12,"column":5}}},"1":{"name":"(anonymous_1)","decl":{"start":{"line":13,"column":4},"end":{"line":13,"column":7}},"loc":{"start":{"line":13,"column":54},"end":{"line":19,"column":5}}},"2":{"name":"(anonymous_2)","decl":{"start":{"line":20,"column":4},"end":{"line":20,"column":11}},"loc":{"start":{"line":20,"column":53},"end":{"line":26,"column":5}}},"3":{"name":"(anonymous_3)","decl":{"start":{"line":21,"column":34},"end":{"line":21,"column":35}},"loc":{"start":{"line":21,"column":50},"end":{"line":25,"column":9}}},"4":{"name":"(anonymous_4)","decl":{"start":{"line":27,"column":4},"end":{"line":27,"column":9}},"loc":{"start":{"line":27,"column":20},"end":{"line":31,"column":5}}}},"branchMap":{"0":{"loc":{"start":{"line":22,"column":12},"end":{"line":24,"column":null}},"type":"if","locations":[{"start":{"line":22,"column":12},"end":{"line":24,"column":null}}]},"1":{"loc":{"start":{"line":28,"column":8},"end":{"line":30,"column":null}},"type":"if","locations":[{"start":{"line":28,"column":8},"end":{"line":30,"column":null}}]}},"s":{"0":0,"1":0,"2":0,"3":0,"4":0,"5":0,"6":0,"7":0,"8":0},"f":{"0":0,"1":0,"2":0,"3":0,"4":0},"b":{"0":[0],"1":[0]}}
,"/Users/xusheng/Desktop/FE/exercise/ts-cli/src/core/mergeConfig.ts": {"path":"/Users/xusheng/Desktop/FE/exercise/ts-cli/src/core/mergeConfig.ts","statementMap":{"0":{"start":{"line":2,"column":0},"end":{"line":2,"column":54}},"1":{"start":{"line":7,"column":19},"end":{"line":7,"column":38}},"2":{"start":{"line":9,"column":32},"end":{"line":29,"column":6}},"3":{"start":{"line":30,"column":4},"end":{"line":41,"column":7}},"4":{"start":{"line":31,"column":8},"end":{"line":31,"column":38}},"5":{"start":{"line":33,"column":8},"end":{"line":40,"column":null}},"6":{"start":{"line":35,"column":12},"end":{"line":35,"column":44}},"7":{"start":{"line":37,"column":15},"end":{"line":40,"column":null}},"8":{"start":{"line":39,"column":12},"end":{"line":39,"column":47}},"9":{"start":{"line":43,"column":32},"end":{"line":43,"column":67}},"10":{"start":{"line":44,"column":4},"end":{"line":49,"column":7}},"11":{"start":{"line":45,"column":8},"end":{"line":45,"column":38}},"12":{"start":{"line":46,"column":8},"end":{"line":48,"column":null}},"13":{"start":{"line":47,"column":12},"end":{"line":47,"column":44}},"14":{"start":{"line":51,"column":32},"end":{"line":51,"column":60}},"15":{"start":{"line":52,"column":4},"end":{"line":63,"column":7}},"16":{"start":{"line":53,"column":8},"end":{"line":53,"column":38}},"17":{"start":{"line":54,"column":8},"end":{"line":62,"column":null}},"18":{"start":{"line":55,"column":12},"end":{"line":55,"column":76}},"19":{"start":{"line":56,"column":15},"end":{"line":62,"column":null}},"20":{"start":{"line":57,"column":12},"end":{"line":57,"column":44}},"21":{"start":{"line":58,"column":15},"end":{"line":62,"column":null}},"22":{"start":{"line":59,"column":12},"end":{"line":59,"column":58}},"23":{"start":{"line":60,"column":15},"end":{"line":62,"column":null}},"24":{"start":{"line":61,"column":12},"end":{"line":61,"column":47}},"25":{"start":{"line":64,"column":4},"end":{"line":64,"column":18}},"26":{"start":{"line":3,"column":0},"end":{"line":3,"column":24}}},"fnMap":{"0":{"name":"mergeConfig","decl":{"start":{"line":3,"column":24},"end":{"line":3,"column":35}},"loc":{"start":{"line":5,"column":35},"end":{"line":65,"column":1}}},"1":{"name":"(anonymous_1)","decl":{"start":{"line":30,"column":32},"end":{"line":30,"column":33}},"loc":{"start":{"line":30,"column":41},"end":{"line":41,"column":5}}},"2":{"name":"(anonymous_2)","decl":{"start":{"line":44,"column":32},"end":{"line":44,"column":33}},"loc":{"start":{"line":44,"column":41},"end":{"line":49,"column":5}}},"3":{"name":"(anonymous_3)","decl":{"start":{"line":52,"column":32},"end":{"line":52,"column":33}},"loc":{"start":{"line":52,"column":41},"end":{"line":63,"column":5}}}},"branchMap":{"0":{"loc":{"start":{"line":31,"column":21},"end":{"line":31,"column":37}},"type":"binary-expr","locations":[{"start":{"line":31,"column":21},"end":{"line":31,"column":31}},{"start":{"line":31,"column":35},"end":{"line":31,"column":37}}]},"1":{"loc":{"start":{"line":33,"column":8},"end":{"line":40,"column":null}},"type":"if","locations":[{"start":{"line":33,"column":8},"end":{"line":40,"column":null}},{"start":{"line":37,"column":15},"end":{"line":40,"column":null}}]},"2":{"loc":{"start":{"line":37,"column":15},"end":{"line":40,"column":null}},"type":"if","locations":[{"start":{"line":37,"column":15},"end":{"line":40,"column":null}}]},"3":{"loc":{"start":{"line":45,"column":21},"end":{"line":45,"column":37}},"type":"binary-expr","locations":[{"start":{"line":45,"column":21},"end":{"line":45,"column":31}},{"start":{"line":45,"column":35},"end":{"line":45,"column":37}}]},"4":{"loc":{"start":{"line":46,"column":8},"end":{"line":48,"column":null}},"type":"if","locations":[{"start":{"line":46,"column":8},"end":{"line":48,"column":null}}]},"5":{"loc":{"start":{"line":53,"column":21},"end":{"line":53,"column":37}},"type":"binary-expr","locations":[{"start":{"line":53,"column":21},"end":{"line":53,"column":31}},{"start":{"line":53,"column":35},"end":{"line":53,"column":37}}]},"6":{"loc":{"start":{"line":54,"column":8},"end":{"line":62,"column":null}},"type":"if","locations":[{"start":{"line":54,"column":8},"end":{"line":62,"column":null}},{"start":{"line":56,"column":15},"end":{"line":62,"column":null}}]},"7":{"loc":{"start":{"line":56,"column":15},"end":{"line":62,"column":null}},"type":"if","locations":[{"start":{"line":56,"column":15},"end":{"line":62,"column":null}},{"start":{"line":58,"column":15},"end":{"line":62,"column":null}}]},"8":{"loc":{"start":{"line":58,"column":15},"end":{"line":62,"column":null}},"type":"if","locations":[{"start":{"line":58,"column":15},"end":{"line":62,"column":null}},{"start":{"line":60,"column":15},"end":{"line":62,"column":null}}]},"9":{"loc":{"start":{"line":60,"column":15},"end":{"line":62,"column":null}},"type":"if","locations":[{"start":{"line":60,"column":15},"end":{"line":62,"column":null}}]}},"s":{"0":0,"1":0,"2":0,"3":0,"4":0,"5":0,"6":0,"7":0,"8":0,"9":0,"10":0,"11":0,"12":0,"13":0,"14":0,"15":0,"16":0,"17":0,"18":0,"19":0,"20":0,"21":0,"22":0,"23":0,"24":0,"25":0,"26":0},"f":{"0":0,"1":0,"2":0,"3":0},"b":{"0":[0,0],"1":[0,0],"2":[0],"3":[0,0],"4":[0],"5":[0,0],"6":[0,0],"7":[0,0],"8":[0,0],"9":[0]}}
,"/Users/xusheng/Desktop/FE/exercise/ts-cli/src/core/transform.ts": {"path":"/Users/xusheng/Desktop/FE/exercise/ts-cli/src/core/transform.ts","statementMap":{"0":{"start":{"line":8,"column":4},"end":{"line":10,"column":null}},"1":{"start":{"line":9,"column":8},"end":{"line":9,"column":20}},"2":{"start":{"line":11,"column":4},"end":{"line":13,"column":null}},"3":{"start":{"line":12,"column":8},"end":{"line":12,"column":20}},"4":{"start":{"line":14,"column":4},"end":{"line":16,"column":7}},"5":{"start":{"line":15,"column":8},"end":{"line":15,"column":33}},"6":{"start":{"line":17,"column":4},"end":{"line":17,"column":16}},"7":{"start":{"line":3,"column":0},"end":{"line":3,"column":24}}},"fnMap":{"0":{"name":"transform","decl":{"start":{"line":3,"column":24},"end":{"line":3,"column":33}},"loc":{"start":{"line":6,"column":47},"end":{"line":18,"column":1}}},"1":{"name":"(anonymous_1)","decl":{"start":{"line":14,"column":16},"end":{"line":14,"column":17}},"loc":{"start":{"line":14,"column":23},"end":{"line":16,"column":5}}}},"branchMap":{"0":{"loc":{"start":{"line":8,"column":4},"end":{"line":10,"column":null}},"type":"if","locations":[{"start":{"line":8,"column":4},"end":{"line":10,"column":null}}]},"1":{"loc":{"start":{"line":11,"column":4},"end":{"line":13,"column":null}},"type":"if","locations":[{"start":{"line":11,"column":4},"end":{"line":13,"column":null}}]}},"s":{"0":0,"1":0,"2":0,"3":0,"4":0,"5":0,"6":0,"7":0},"f":{"0":0,"1":0},"b":{"0":[0],"1":[0]}}
,"/Users/xusheng/Desktop/FE/exercise/ts-cli/src/core/xhr.ts": {"path":"/Users/xusheng/Desktop/FE/exercise/ts-cli/src/core/xhr.ts","statementMap":{"0":{"start":{"line":2,"column":0},"end":{"line":2,"column":50}},"1":{"start":{"line":3,"column":0},"end":{"line":3,"column":47}},"2":{"start":{"line":4,"column":0},"end":{"line":4,"column":49}},"3":{"start":{"line":5,"column":0},"end":{"line":5,"column":39}},"4":{"start":{"line":6,"column":0},"end":{"line":6,"column":45}},"5":{"start":{"line":8,"column":4},"end":{"line":155,"column":7}},"6":{"start":{"line":24,"column":12},"end":{"line":24,"column":18}},"7":{"start":{"line":26,"column":24},"end":{"line":26,"column":44}},"8":{"start":{"line":28,"column":8},"end":{"line":28,"column":55}},"9":{"start":{"line":30,"column":8},"end":{"line":30,"column":27}},"10":{"start":{"line":32,"column":8},"end":{"line":32,"column":20}},"11":{"start":{"line":34,"column":8},"end":{"line":34,"column":25}},"12":{"start":{"line":36,"column":8},"end":{"line":36,"column":24}},"13":{"start":{"line":38,"column":8},"end":{"line":38,"column":27}},"14":{"start":{"line":41,"column":12},"end":{"line":43,"column":null}},"15":{"start":{"line":42,"column":16},"end":{"line":42,"column":52}},"16":{"start":{"line":45,"column":12},"end":{"line":47,"column":null}},"17":{"start":{"line":46,"column":16},"end":{"line":46,"column":42}},"18":{"start":{"line":49,"column":12},"end":{"line":51,"column":null}},"19":{"start":{"line":50,"column":16},"end":{"line":50,"column":58}},"20":{"start":{"line":52,"column":12},"end":{"line":55,"column":null}},"21":{"start":{"line":53,"column":16},"end":{"line":54,"column":73}},"22":{"start":{"line":59,"column":12},"end":{"line":84,"column":14}},"23":{"start":{"line":60,"column":16},"end":{"line":62,"column":null}},"24":{"start":{"line":61,"column":20},"end":{"line":61,"column":27}},"25":{"start":{"line":64,"column":16},"end":{"line":66,"column":null}},"26":{"start":{"line":65,"column":20},"end":{"line":65,"column":27}},"27":{"start":{"line":68,"column":40},"end":{"line":69,"column":null}},"28":{"start":{"line":72,"column":20},"end":{"line":74,"column":46}},"29":{"start":{"line":75,"column":48},"end":{"line":82,"column":18}},"30":{"start":{"line":83,"column":16},"end":{"line":83,"column":41}},"31":{"start":{"line":86,"column":12},"end":{"line":88,"column":14}},"32":{"start":{"line":87,"column":16},"end":{"line":87,"column":76}},"33":{"start":{"line":90,"column":12},"end":{"line":99,"column":14}},"34":{"start":{"line":91,"column":16},"end":{"line":98,"column":18}},"35":{"start":{"line":101,"column":12},"end":{"line":103,"column":null}},"36":{"start":{"line":102,"column":16},"end":{"line":102,"column":56}},"37":{"start":{"line":105,"column":12},"end":{"line":107,"column":null}},"38":{"start":{"line":106,"column":16},"end":{"line":106,"column":61}},"39":{"start":{"line":111,"column":12},"end":{"line":113,"column":null}},"40":{"start":{"line":112,"column":16},"end":{"line":112,"column":47}},"41":{"start":{"line":115,"column":12},"end":{"line":120,"column":null}},"42":{"start":{"line":116,"column":34},"end":{"line":116,"column":61}},"43":{"start":{"line":117,"column":16},"end":{"line":119,"column":null}},"44":{"start":{"line":118,"column":20},"end":{"line":118,"column":57}},"45":{"start":{"line":122,"column":12},"end":{"line":128,"column":15}},"46":{"start":{"line":123,"column":16},"end":{"line":127,"column":null}},"47":{"start":{"line":124,"column":20},"end":{"line":124,"column":41}},"48":{"start":{"line":126,"column":20},"end":{"line":126,"column":66}},"49":{"start":{"line":132,"column":12},"end":{"line":137,"column":null}},"50":{"start":{"line":133,"column":16},"end":{"line":136,"column":19}},"51":{"start":{"line":134,"column":20},"end":{"line":134,"column":36}},"52":{"start":{"line":135,"column":20},"end":{"line":135,"column":35}},"53":{"start":{"line":141,"column":12},"end":{"line":153,"column":null}},"54":{"start":{"line":142,"column":16},"end":{"line":142,"column":34}},"55":{"start":{"line":144,"column":16},"end":{"line":152,"column":18}},"56":{"start":{"line":7,"column":0},"end":{"line":7,"column":24}}},"fnMap":{"0":{"name":"axios","decl":{"start":{"line":7,"column":24},"end":{"line":7,"column":29}},"loc":{"start":{"line":7,"column":56},"end":{"line":156,"column":1}}},"1":{"name":"(anonymous_2)","decl":{"start":{"line":8,"column":23},"end":{"line":8,"column":24}},"loc":{"start":{"line":8,"column":43},"end":{"line":155,"column":5}}},"2":{"name":"configureRequest","decl":{"start":{"line":40,"column":17},"end":{"line":40,"column":33}},"loc":{"start":{"line":40,"column":33},"end":{"line":56,"column":9}}},"3":{"name":"addEvents","decl":{"start":{"line":58,"column":17},"end":{"line":58,"column":26}},"loc":{"start":{"line":58,"column":26},"end":{"line":108,"column":9}}},"4":{"name":"handleLoad","decl":{"start":{"line":59,"column":50},"end":{"line":59,"column":60}},"loc":{"start":{"line":59,"column":60},"end":{"line":84,"column":13}}},"5":{"name":"handleError","decl":{"start":{"line":86,"column":39},"end":{"line":86,"column":50}},"loc":{"start":{"line":86,"column":50},"end":{"line":88,"column":13}}},"6":{"name":"handleTimeout","decl":{"start":{"line":90,"column":41},"end":{"line":90,"column":54}},"loc":{"start":{"line":90,"column":54},"end":{"line":99,"column":13}}},"7":{"name":"processHeaders","decl":{"start":{"line":110,"column":17},"end":{"line":110,"column":31}},"loc":{"start":{"line":110,"column":31},"end":{"line":129,"column":9}}},"8":{"name":"(anonymous_9)","decl":{"start":{"line":122,"column":41},"end":{"line":122,"column":42}},"loc":{"start":{"line":122,"column":50},"end":{"line":128,"column":13}}},"9":{"name":"processCancel","decl":{"start":{"line":131,"column":17},"end":{"line":131,"column":30}},"loc":{"start":{"line":131,"column":30},"end":{"line":138,"column":9}}},"10":{"name":"(anonymous_11)","decl":{"start":{"line":133,"column":41},"end":{"line":133,"column":42}},"loc":{"start":{"line":133,"column":52},"end":{"line":136,"column":17}}},"11":{"name":"handleResponse","decl":{"start":{"line":140,"column":17},"end":{"line":140,"column":31}},"loc":{"start":{"line":140,"column":55},"end":{"line":154,"column":9}}}},"branchMap":{"0":{"loc":{"start":{"line":10,"column":12},"end":{"line":10,"column":23}},"type":"default-arg","locations":[{"start":{"line":10,"column":19},"end":{"line":10,"column":23}}]},"1":{"loc":{"start":{"line":12,"column":12},"end":{"line":12,"column":26}},"type":"default-arg","locations":[{"start":{"line":12,"column":21},"end":{"line":12,"column":26}}]},"2":{"loc":{"start":{"line":41,"column":12},"end":{"line":43,"column":null}},"type":"if","locations":[{"start":{"line":41,"column":12},"end":{"line":43,"column":null}}]},"3":{"loc":{"start":{"line":45,"column":12},"end":{"line":47,"column":null}},"type":"if","locations":[{"start":{"line":45,"column":12},"end":{"line":47,"column":null}}]},"4":{"loc":{"start":{"line":49,"column":12},"end":{"line":51,"column":null}},"type":"if","locations":[{"start":{"line":49,"column":12},"end":{"line":51,"column":null}}]},"5":{"loc":{"start":{"line":52,"column":12},"end":{"line":55,"column":null}},"type":"if","locations":[{"start":{"line":52,"column":12},"end":{"line":55,"column":null}}]},"6":{"loc":{"start":{"line":60,"column":16},"end":{"line":62,"column":null}},"type":"if","locations":[{"start":{"line":60,"column":16},"end":{"line":62,"column":null}}]},"7":{"loc":{"start":{"line":64,"column":16},"end":{"line":66,"column":null}},"type":"if","locations":[{"start":{"line":64,"column":16},"end":{"line":66,"column":null}}]},"8":{"loc":{"start":{"line":72,"column":20},"end":{"line":74,"column":46}},"type":"cond-expr","locations":[{"start":{"line":73,"column":26},"end":{"line":73,"column":42}},{"start":{"line":74,"column":26},"end":{"line":74,"column":46}}]},"9":{"loc":{"start":{"line":72,"column":20},"end":{"line":72,"column":59}},"type":"binary-expr","locations":[{"start":{"line":72,"column":20},"end":{"line":72,"column":32}},{"start":{"line":72,"column":36},"end":{"line":72,"column":59}}]},"10":{"loc":{"start":{"line":101,"column":12},"end":{"line":103,"column":null}},"type":"if","locations":[{"start":{"line":101,"column":12},"end":{"line":103,"column":null}}]},"11":{"loc":{"start":{"line":105,"column":12},"end":{"line":107,"column":null}},"type":"if","locations":[{"start":{"line":105,"column":12},"end":{"line":107,"column":null}}]},"12":{"loc":{"start":{"line":111,"column":12},"end":{"line":113,"column":null}},"type":"if","locations":[{"start":{"line":111,"column":12},"end":{"line":113,"column":null}}]},"13":{"loc":{"start":{"line":115,"column":12},"end":{"line":120,"column":null}},"type":"if","locations":[{"start":{"line":115,"column":12},"end":{"line":120,"column":null}}]},"14":{"loc":{"start":{"line":115,"column":16},"end":{"line":115,"column":76}},"type":"binary-expr","locations":[{"start":{"line":115,"column":17},"end":{"line":115,"column":32}},{"start":{"line":115,"column":36},"end":{"line":115,"column":57}},{"start":{"line":115,"column":62},"end":{"line":115,"column":76}}]},"15":{"loc":{"start":{"line":117,"column":16},"end":{"line":119,"column":null}},"type":"if","locations":[{"start":{"line":117,"column":16},"end":{"line":119,"column":null}}]},"16":{"loc":{"start":{"line":123,"column":16},"end":{"line":127,"column":null}},"type":"if","locations":[{"start":{"line":123,"column":16},"end":{"line":127,"column":null}},{"start":{"line":125,"column":23},"end":{"line":127,"column":null}}]},"17":{"loc":{"start":{"line":123,"column":20},"end":{"line":123,"column":74}},"type":"binary-expr","locations":[{"start":{"line":123,"column":20},"end":{"line":123,"column":33}},{"start":{"line":123,"column":37},"end":{"line":123,"column":74}}]},"18":{"loc":{"start":{"line":132,"column":12},"end":{"line":137,"column":null}},"type":"if","locations":[{"start":{"line":132,"column":12},"end":{"line":137,"column":null}}]},"19":{"loc":{"start":{"line":141,"column":12},"end":{"line":153,"column":null}},"type":"if","locations":[{"start":{"line":141,"column":12},"end":{"line":153,"column":null}},{"start":{"line":143,"column":19},"end":{"line":153,"column":null}}]},"20":{"loc":{"start":{"line":141,"column":16},"end":{"line":141,"column":66}},"type":"binary-expr","locations":[{"start":{"line":141,"column":16},"end":{"line":141,"column":31}},{"start":{"line":141,"column":35},"end":{"line":141,"column":66}}]}},"s":{"0":0,"1":0,"2":0,"3":0,"4":0,"5":0,"6":0,"7":0,"8":0,"9":0,"10":0,"11":0,"12":0,"13":0,"14":0,"15":0,"16":0,"17":0,"18":0,"19":0,"20":0,"21":0,"22":0,"23":0,"24":0,"25":0,"26":0,"27":0,"28":0,"29":0,"30":0,"31":0,"32":0,"33":0,"34":0,"35":0,"36":0,"37":0,"38":0,"39":0,"40":0,"41":0,"42":0,"43":0,"44":0,"45":0,"46":0,"47":0,"48":0,"49":0,"50":0,"51":0,"52":0,"53":0,"54":0,"55":0,"56":0},"f":{"0":0,"1":0,"2":0,"3":0,"4":0,"5":0,"6":0,"7":0,"8":0,"9":0,"10":0,"11":0},"b":{"0":[0],"1":[0],"2":[0],"3":[0],"4":[0],"5":[0],"6":[0],"7":[0],"8":[0,0],"9":[0,0],"10":[0],"11":[0],"12":[0],"13":[0],"14":[0,0,0],"15":[0],"16":[0,0],"17":[0,0],"18":[0],"19":[0,0],"20":[0,0]}}
,"/Users/xusheng/Desktop/FE/exercise/ts-cli/src/helpers/cookie.ts": {"path":"/Users/xusheng/Desktop/FE/exercise/ts-cli/src/helpers/cookie.ts","statementMap":{"0":{"start":{"line":1,"column":15},"end":{"line":8,"column":2}},"1":{"start":{"line":3,"column":22},"end":{"line":4,"column":null}},"2":{"start":{"line":6,"column":8},"end":{"line":6,"column":59}},"3":{"start":{"line":10,"column":0},"end":{"line":10,"column":22}}},"fnMap":{"0":{"name":"(anonymous_0)","decl":{"start":{"line":2,"column":4},"end":{"line":2,"column":8}},"loc":{"start":{"line":2,"column":21},"end":{"line":7,"column":5}}}},"branchMap":{"0":{"loc":{"start":{"line":6,"column":15},"end":{"line":6,"column":58}},"type":"cond-expr","locations":[{"start":{"line":6,"column":23},"end":{"line":6,"column":51}},{"start":{"line":6,"column":54},"end":{"line":6,"column":58}}]}},"s":{"0":1,"1":2,"2":2,"3":1},"f":{"0":2},"b":{"0":[1,1]}}
,"/Users/xusheng/Desktop/FE/exercise/ts-cli/src/helpers/data.ts": {"path":"/Users/xusheng/Desktop/FE/exercise/ts-cli/src/helpers/data.ts","statementMap":{"0":{"start":{"line":1,"column":0},"end":{"line":1,"column":39}},"1":{"start":{"line":4,"column":4},"end":{"line":6,"column":null}},"2":{"start":{"line":5,"column":8},"end":{"line":5,"column":36}},"3":{"start":{"line":7,"column":4},"end":{"line":7,"column":16}},"4":{"start":{"line":3,"column":0},"end":{"line":3,"column":16}},"5":{"start":{"line":10,"column":4},"end":{"line":16,"column":null}},"6":{"start":{"line":11,"column":8},"end":{"line":15,"column":null}},"7":{"start":{"line":12,"column":12},"end":{"line":12,"column":36}},"8":{"start":{"line":17,"column":4},"end":{"line":17,"column":16}},"9":{"start":{"line":9,"column":0},"end":{"line":9,"column":16}}},"fnMap":{"0":{"name":"transformRequest","decl":{"start":{"line":3,"column":16},"end":{"line":3,"column":32}},"loc":{"start":{"line":3,"column":42},"end":{"line":8,"column":1}}},"1":{"name":"transformResponse","decl":{"start":{"line":9,"column":16},"end":{"line":9,"column":33}},"loc":{"start":{"line":9,"column":43},"end":{"line":18,"column":1}}}},"branchMap":{"0":{"loc":{"start":{"line":4,"column":4},"end":{"line":6,"column":null}},"type":"if","locations":[{"start":{"line":4,"column":4},"end":{"line":6,"column":null}}]},"1":{"loc":{"start":{"line":10,"column":4},"end":{"line":16,"column":null}},"type":"if","locations":[{"start":{"line":10,"column":4},"end":{"line":16,"column":null}}]}},"s":{"0":1,"1":2,"2":1,"3":1,"4":1,"5":3,"6":2,"7":2,"8":3,"9":1},"f":{"0":2,"1":3},"b":{"0":[1],"1":[2]}}
,"/Users/xusheng/Desktop/FE/exercise/ts-cli/src/helpers/error.ts": {"path":"/Users/xusheng/Desktop/FE/exercise/ts-cli/src/helpers/error.ts","statementMap":{"0":{"start":{"line":17,"column":8},"end":{"line":17,"column":23}},"1":{"start":{"line":19,"column":8},"end":{"line":19,"column":29}},"2":{"start":{"line":20,"column":8},"end":{"line":20,"column":31}},"3":{"start":{"line":21,"column":8},"end":{"line":21,"column":25}},"4":{"start":{"line":22,"column":8},"end":{"line":22,"column":33}},"5":{"start":{"line":23,"column":8},"end":{"line":23,"column":33}},"6":{"start":{"line":25,"column":8},"end":{"line":25,"column":58}},"7":{"start":{"line":3,"column":0},"end":{"line":3,"column":13}},"8":{"start":{"line":36,"column":18},"end":{"line":36,"column":74}},"9":{"start":{"line":37,"column":4},"end":{"line":37,"column":17}},"10":{"start":{"line":29,"column":0},"end":{"line":29,"column":16}}},"fnMap":{"0":{"name":"(anonymous_0)","decl":{"start":{"line":10,"column":4},"end":{"line":10,"column":null}},"loc":{"start":{"line":15,"column":32},"end":{"line":26,"column":5}}},"1":{"name":"createError","decl":{"start":{"line":29,"column":16},"end":{"line":29,"column":27}},"loc":{"start":{"line":34,"column":28},"end":{"line":38,"column":1}}}},"branchMap":{},"s":{"0":1,"1":1,"2":1,"3":1,"4":1,"5":1,"6":1,"7":1,"8":1,"9":1,"10":1},"f":{"0":1,"1":1},"b":{}}
,"/Users/xusheng/Desktop/FE/exercise/ts-cli/src/helpers/headers.ts": {"path":"/Users/xusheng/Desktop/FE/exercise/ts-cli/src/helpers/headers.ts","statementMap":{"0":{"start":{"line":2,"column":0},"end":{"line":2,"column":50}},"1":{"start":{"line":5,"column":4},"end":{"line":7,"column":null}},"2":{"start":{"line":6,"column":8},"end":{"line":6,"column":15}},"3":{"start":{"line":8,"column":4},"end":{"line":16,"column":7}},"4":{"start":{"line":9,"column":8},"end":{"line":15,"column":null}},"5":{"start":{"line":13,"column":12},"end":{"line":13,"column":52}},"6":{"start":{"line":14,"column":12},"end":{"line":14,"column":33}},"7":{"start":{"line":20,"column":4},"end":{"line":20,"column":49}},"8":{"start":{"line":22,"column":4},"end":{"line":26,"column":null}},"9":{"start":{"line":23,"column":8},"end":{"line":25,"column":null}},"10":{"start":{"line":24,"column":12},"end":{"line":24,"column":71}},"11":{"start":{"line":27,"column":4},"end":{"line":27,"column":19}},"12":{"start":{"line":19,"column":0},"end":{"line":19,"column":16}},"13":{"start":{"line":30,"column":17},"end":{"line":30,"column":36}},"14":{"start":{"line":31,"column":4},"end":{"line":33,"column":null}},"15":{"start":{"line":32,"column":6},"end":{"line":32,"column":null}},"16":{"start":{"line":35,"column":4},"end":{"line":43,"column":null}},"17":{"start":{"line":36,"column":27},"end":{"line":36,"column":42}},"18":{"start":{"line":37,"column":6},"end":{"line":37,"column":null}},"19":{"start":{"line":38,"column":6},"end":{"line":40,"column":null}},"20":{"start":{"line":39,"column":8},"end":{"line":39,"column":14}},"21":{"start":{"line":41,"column":16},"end":{"line":41,"column":37}},"22":{"start":{"line":42,"column":6},"end":{"line":42,"column":null}},"23":{"start":{"line":45,"column":4},"end":{"line":45,"column":null}},"24":{"start":{"line":29,"column":0},"end":{"line":29,"column":16}},"25":{"start":{"line":49,"column":4},"end":{"line":51,"column":null}},"26":{"start":{"line":50,"column":8},"end":{"line":50,"column":23}},"27":{"start":{"line":52,"column":4},"end":{"line":52,"column":78}},"28":{"start":{"line":54,"column":28},"end":{"line":63,"column":6}},"29":{"start":{"line":65,"column":4},"end":{"line":67,"column":7}},"30":{"start":{"line":66,"column":8},"end":{"line":66,"column":31}},"31":{"start":{"line":69,"column":4},"end":{"line":69,"column":19}},"32":{"start":{"line":48,"column":0},"end":{"line":48,"column":16}}},"fnMap":{"0":{"name":"normalizeHeaderName","decl":{"start":{"line":4,"column":9},"end":{"line":4,"column":28}},"loc":{"start":{"line":4,"column":65},"end":{"line":17,"column":1}}},"1":{"name":"(anonymous_1)","decl":{"start":{"line":8,"column":33},"end":{"line":8,"column":34}},"loc":{"start":{"line":8,"column":42},"end":{"line":16,"column":5}}},"2":{"name":"processHeaders","decl":{"start":{"line":19,"column":16},"end":{"line":19,"column":30}},"loc":{"start":{"line":19,"column":54},"end":{"line":28,"column":1}}},"3":{"name":"parseHeaders","decl":{"start":{"line":29,"column":16},"end":{"line":29,"column":28}},"loc":{"start":{"line":29,"column":44},"end":{"line":46,"column":3}}},"4":{"name":"(anonymous_4)","decl":{"start":{"line":35,"column":34},"end":{"line":35,"column":38}},"loc":{"start":{"line":35,"column":41},"end":{"line":43,"column":5}}},"5":{"name":"flattenHeaders","decl":{"start":{"line":48,"column":16},"end":{"line":48,"column":30}},"loc":{"start":{"line":48,"column":59},"end":{"line":70,"column":1}}},"6":{"name":"(anonymous_6)","decl":{"start":{"line":65,"column":28},"end":{"line":65,"column":29}},"loc":{"start":{"line":65,"column":39},"end":{"line":67,"column":5}}}},"branchMap":{"0":{"loc":{"start":{"line":5,"column":4},"end":{"line":7,"column":null}},"type":"if","locations":[{"start":{"line":5,"column":4},"end":{"line":7,"column":null}}]},"1":{"loc":{"start":{"line":9,"column":8},"end":{"line":15,"column":null}},"type":"if","locations":[{"start":{"line":9,"column":8},"end":{"line":15,"column":null}}]},"2":{"loc":{"start":{"line":10,"column":12},"end":{"line":11,"column":63}},"type":"binary-expr","locations":[{"start":{"line":10,"column":12},"end":{"line":10,"column":35}},{"start":{"line":11,"column":12},"end":{"line":11,"column":63}}]},"3":{"loc":{"start":{"line":22,"column":4},"end":{"line":26,"column":null}},"type":"if","locations":[{"start":{"line":22,"column":4},"end":{"line":26,"column":null}}]},"4":{"loc":{"start":{"line":23,"column":8},"end":{"line":25,"column":null}},"type":"if","locations":[{"start":{"line":23,"column":8},"end":{"line":25,"column":null}}]},"5":{"loc":{"start":{"line":23,"column":12},"end":{"line":23,"column":47}},"type":"binary-expr","locations":[{"start":{"line":23,"column":12},"end":{"line":23,"column":19}},{"start":{"line":23,"column":23},"end":{"line":23,"column":47}}]},"6":{"loc":{"start":{"line":31,"column":4},"end":{"line":33,"column":null}},"type":"if","locations":[{"start":{"line":31,"column":4},"end":{"line":33,"column":null}}]},"7":{"loc":{"start":{"line":38,"column":6},"end":{"line":40,"column":null}},"type":"if","locations":[{"start":{"line":38,"column":6},"end":{"line":40,"column":null}}]},"8":{"loc":{"start":{"line":49,"column":4},"end":{"line":51,"column":null}},"type":"if","locations":[{"start":{"line":49,"column":4},"end":{"line":51,"column":null}}]},"9":{"loc":{"start":{"line":52,"column":24},"end":{"line":52,"column":44}},"type":"binary-expr","locations":[{"start":{"line":52,"column":24},"end":{"line":52,"column":38}},{"start":{"line":52,"column":42},"end":{"line":52,"column":44}}]},"10":{"loc":{"start":{"line":52,"column":46},"end":{"line":52,"column":67}},"type":"binary-expr","locations":[{"start":{"line":52,"column":46},"end":{"line":52,"column":61}},{"start":{"line":52,"column":65},"end":{"line":52,"column":67}}]}},"s":{"0":1,"1":5,"2":2,"3":3,"4":2,"5":1,"6":1,"7":5,"8":5,"9":4,"10":1,"11":5,"12":1,"13":2,"14":2,"15":1,"16":1,"17":6,"18":6,"19":6,"20":1,"21":5,"22":5,"23":1,"24":1,"25":4,"26":2,"27":2,"28":2,"29":2,"30":16,"31":2,"32":1},"f":{"0":5,"1":2,"2":5,"3":2,"4":6,"5":4,"6":16},"b":{"0":[2],"1":[1],"2":[2,2],"3":[4],"4":[1],"5":[4,2],"6":[1],"7":[1],"8":[2],"9":[2,1],"10":[2,1]}}
,"/Users/xusheng/Desktop/FE/exercise/ts-cli/src/helpers/url.ts": {"path":"/Users/xusheng/Desktop/FE/exercise/ts-cli/src/helpers/url.ts","statementMap":{"0":{"start":{"line":1,"column":0},"end":{"line":1,"column":66}},"1":{"start":{"line":7,"column":4},"end":{"line":14,"column":31}},"2":{"start":{"line":34,"column":4},"end":{"line":36,"column":null}},"3":{"start":{"line":35,"column":8},"end":{"line":35,"column":19}},"4":{"start":{"line":38,"column":4},"end":{"line":68,"column":null}},"5":{"start":{"line":39,"column":8},"end":{"line":39,"column":52}},"6":{"start":{"line":40,"column":11},"end":{"line":68,"column":null}},"7":{"start":{"line":41,"column":8},"end":{"line":41,"column":45}},"8":{"start":{"line":43,"column":32},"end":{"line":43,"column":34}},"9":{"start":{"line":45,"column":8},"end":{"line":65,"column":11}},"10":{"start":{"line":46,"column":24},"end":{"line":46,"column":35}},"11":{"start":{"line":47,"column":12},"end":{"line":49,"column":null}},"12":{"start":{"line":48,"column":16},"end":{"line":48,"column":23}},"13":{"start":{"line":50,"column":25},"end":{"line":50,"column":27}},"14":{"start":{"line":51,"column":12},"end":{"line":56,"column":null}},"15":{"start":{"line":52,"column":16},"end":{"line":52,"column":29}},"16":{"start":{"line":53,"column":16},"end":{"line":53,"column":28}},"17":{"start":{"line":55,"column":16},"end":{"line":55,"column":31}},"18":{"start":{"line":57,"column":12},"end":{"line":64,"column":15}},"19":{"start":{"line":58,"column":16},"end":{"line":62,"column":null}},"20":{"start":{"line":59,"column":20},"end":{"line":59,"column":44}},"21":{"start":{"line":60,"column":23},"end":{"line":62,"column":null}},"22":{"start":{"line":61,"column":20},"end":{"line":61,"column":46}},"23":{"start":{"line":63,"column":16},"end":{"line":63,"column":60}},"24":{"start":{"line":67,"column":8},"end":{"line":67,"column":43}},"25":{"start":{"line":70,"column":4},"end":{"line":77,"column":null}},"26":{"start":{"line":71,"column":26},"end":{"line":71,"column":42}},"27":{"start":{"line":72,"column":8},"end":{"line":74,"column":null}},"28":{"start":{"line":73,"column":12},"end":{"line":73,"column":42}},"29":{"start":{"line":76,"column":8},"end":{"line":76,"column":72}},"30":{"start":{"line":79,"column":4},"end":{"line":79,"column":15}},"31":{"start":{"line":29,"column":0},"end":{"line":29,"column":16}},"32":{"start":{"line":82,"column":25},"end":{"line":82,"column":47}},"33":{"start":{"line":83,"column":4},"end":{"line":86,"column":6}},"34":{"start":{"line":81,"column":0},"end":{"line":81,"column":16}},"35":{"start":{"line":89,"column":23},"end":{"line":89,"column":50}},"36":{"start":{"line":90,"column":22},"end":{"line":90,"column":54}},"37":{"start":{"line":93,"column":4},"end":{"line":93,"column":45}},"38":{"start":{"line":94,"column":31},"end":{"line":94,"column":45}},"39":{"start":{"line":96,"column":4},"end":{"line":99,"column":6}}},"fnMap":{"0":{"name":"encode","decl":{"start":{"line":6,"column":9},"end":{"line":6,"column":15}},"loc":{"start":{"line":6,"column":27},"end":{"line":15,"column":1}}},"1":{"name":"buildURL","decl":{"start":{"line":29,"column":16},"end":{"line":29,"column":24}},"loc":{"start":{"line":32,"column":46},"end":{"line":80,"column":1}}},"2":{"name":"(anonymous_2)","decl":{"start":{"line":45,"column":36},"end":{"line":45,"column":37}},"loc":{"start":{"line":45,"column":44},"end":{"line":65,"column":9}}},"3":{"name":"(anonymous_3)","decl":{"start":{"line":57,"column":27},"end":{"line":57,"column":28}},"loc":{"start":{"line":57,"column":35},"end":{"line":64,"column":13}}},"4":{"name":"isURLSameOrigin","decl":{"start":{"line":81,"column":16},"end":{"line":81,"column":31}},"loc":{"start":{"line":81,"column":50},"end":{"line":87,"column":1}}},"5":{"name":"resolveURL","decl":{"start":{"line":92,"column":9},"end":{"line":92,"column":19}},"loc":{"start":{"line":92,"column":31},"end":{"line":100,"column":1}}}},"branchMap":{"0":{"loc":{"start":{"line":34,"column":4},"end":{"line":36,"column":null}},"type":"if","locations":[{"start":{"line":34,"column":4},"end":{"line":36,"column":null}}]},"1":{"loc":{"start":{"line":38,"column":4},"end":{"line":68,"column":null}},"type":"if","locations":[{"start":{"line":38,"column":4},"end":{"line":68,"column":null}},{"start":{"line":40,"column":11},"end":{"line":68,"column":null}}]},"2":{"loc":{"start":{"line":40,"column":11},"end":{"line":68,"column":null}},"type":"if","locations":[{"start":{"line":40,"column":11},"end":{"line":68,"column":null}},{"start":{"line":42,"column":11},"end":{"line":68,"column":null}}]},"3":{"loc":{"start":{"line":47,"column":12},"end":{"line":49,"column":null}},"type":"if","locations":[{"start":{"line":47,"column":12},"end":{"line":49,"column":null}}]},"4":{"loc":{"start":{"line":47,"column":16},"end":{"line":47,"column":58}},"type":"binary-expr","locations":[{"start":{"line":47,"column":16},"end":{"line":47,"column":28}},{"start":{"line":47,"column":32},"end":{"line":47,"column":58}}]},"5":{"loc":{"start":{"line":51,"column":12},"end":{"line":56,"column":null}},"type":"if","locations":[{"start":{"line":51,"column":12},"end":{"line":56,"column":null}},{"start":{"line":54,"column":19},"end":{"line":56,"column":null}}]},"6":{"loc":{"start":{"line":58,"column":16},"end":{"line":62,"column":null}},"type":"if","locations":[{"start":{"line":58,"column":16},"end":{"line":62,"column":null}},{"start":{"line":60,"column":23},"end":{"line":62,"column":null}}]},"7":{"loc":{"start":{"line":60,"column":23},"end":{"line":62,"column":null}},"type":"if","locations":[{"start":{"line":60,"column":23},"end":{"line":62,"column":null}}]},"8":{"loc":{"start":{"line":70,"column":4},"end":{"line":77,"column":null}},"type":"if","locations":[{"start":{"line":70,"column":4},"end":{"line":77,"column":null}}]},"9":{"loc":{"start":{"line":72,"column":8},"end":{"line":74,"column":null}},"type":"if","locations":[{"start":{"line":72,"column":8},"end":{"line":74,"column":null}}]},"10":{"loc":{"start":{"line":76,"column":16},"end":{"line":76,"column":51}},"type":"cond-expr","locations":[{"start":{"line":76,"column":42},"end":{"line":76,"column":45}},{"start":{"line":76,"column":48},"end":{"line":76,"column":51}}]},"11":{"loc":{"start":{"line":84,"column":8},"end":{"line":85,"column":48}},"type":"binary-expr","locations":[{"start":{"line":84,"column":8},"end":{"line":84,"column":56}},{"start":{"line":85,"column":8},"end":{"line":85,"column":48}}]}},"s":{"0":1,"1":18,"2":12,"3":1,"4":11,"5":1,"6":10,"7":1,"8":9,"9":9,"10":10,"11":10,"12":2,"13":8,"14":8,"15":1,"16":1,"17":7,"18":8,"19":9,"20":1,"21":8,"22":1,"23":9,"24":9,"25":11,"26":10,"27":10,"28":1,"29":10,"30":11,"31":1,"32":2,"33":2,"34":1,"35":1,"36":1,"37":3,"38":3,"39":3},"f":{"0":18,"1":12,"2":10,"3":9,"4":2,"5":3},"b":{"0":[1],"1":[1,10],"2":[1,9],"3":[2],"4":[10,8],"5":[1,7],"6":[1,8],"7":[1],"8":[10],"9":[1],"10":[8,2],"11":[2,1]}}
,"/Users/xusheng/Desktop/FE/exercise/ts-cli/src/helpers/util.ts": {"path":"/Users/xusheng/Desktop/FE/exercise/ts-cli/src/helpers/util.ts","statementMap":{"0":{"start":{"line":2,"column":4},"end":{"line":2,"column":67}},"1":{"start":{"line":1,"column":0},"end":{"line":1,"column":16}},"2":{"start":{"line":5,"column":4},"end":{"line":5,"column":51}},"3":{"start":{"line":4,"column":0},"end":{"line":4,"column":16}},"4":{"start":{"line":8,"column":4},"end":{"line":8,"column":69}},"5":{"start":{"line":7,"column":0},"end":{"line":7,"column":16}},"6":{"start":{"line":12,"column":4},"end":{"line":14,"column":null}},"7":{"start":{"line":13,"column":9},"end":{"line":13,"column":46}},"8":{"start":{"line":15,"column":4},"end":{"line":15,"column":23}},"9":{"start":{"line":11,"column":0},"end":{"line":11,"column":16}},"10":{"start":{"line":18,"column":19},"end":{"line":18,"column":38}},"11":{"start":{"line":20,"column":4},"end":{"line":25,"column":null}},"12":{"start":{"line":20,"column":17},"end":{"line":20,"column":18}},"13":{"start":{"line":21,"column":20},"end":{"line":21,"column":27}},"14":{"start":{"line":22,"column":8},"end":{"line":24,"column":null}},"15":{"start":{"line":23,"column":12},"end":{"line":23,"column":39}},"16":{"start":{"line":28,"column":8},"end":{"line":34,"column":null}},"17":{"start":{"line":29,"column":12},"end":{"line":29,"column":54}},"18":{"start":{"line":30,"column":15},"end":{"line":34,"column":null}},"19":{"start":{"line":31,"column":12},"end":{"line":31,"column":45}},"20":{"start":{"line":33,"column":12},"end":{"line":33,"column":30}},"21":{"start":{"line":36,"column":4},"end":{"line":36,"column":18}},"22":{"start":{"line":17,"column":0},"end":{"line":17,"column":16}},"23":{"start":{"line":39,"column":4},"end":{"line":39,"column":65}},"24":{"start":{"line":38,"column":0},"end":{"line":38,"column":16}},"25":{"start":{"line":43,"column":4},"end":{"line":43,"column":72}},"26":{"start":{"line":42,"column":0},"end":{"line":42,"column":16}},"27":{"start":{"line":47,"column":4},"end":{"line":47,"column":47}},"28":{"start":{"line":46,"column":0},"end":{"line":46,"column":16}},"29":{"start":{"line":51,"column":4},"end":{"line":53,"column":18}},"30":{"start":{"line":50,"column":0},"end":{"line":50,"column":16}}},"fnMap":{"0":{"name":"isDate","decl":{"start":{"line":1,"column":16},"end":{"line":1,"column":22}},"loc":{"start":{"line":1,"column":31},"end":{"line":3,"column":1}}},"1":{"name":"isObject","decl":{"start":{"line":4,"column":16},"end":{"line":4,"column":24}},"loc":{"start":{"line":4,"column":33},"end":{"line":6,"column":1}}},"2":{"name":"isPlainObject","decl":{"start":{"line":7,"column":16},"end":{"line":7,"column":29}},"loc":{"start":{"line":7,"column":38},"end":{"line":9,"column":1}}},"3":{"name":"extend","decl":{"start":{"line":11,"column":16},"end":{"line":11,"column":22}},"loc":{"start":{"line":11,"column":43},"end":{"line":16,"column":1}}},"4":{"name":"deepMerge","decl":{"start":{"line":17,"column":16},"end":{"line":17,"column":25}},"loc":{"start":{"line":17,"column":40},"end":{"line":37,"column":1}}},"5":{"name":"assignValue","decl":{"start":{"line":27,"column":13},"end":{"line":27,"column":24}},"loc":{"start":{"line":27,"column":46},"end":{"line":35,"column":5}}},"6":{"name":"isFormData","decl":{"start":{"line":38,"column":16},"end":{"line":38,"column":26}},"loc":{"start":{"line":38,"column":35},"end":{"line":40,"column":1}}},"7":{"name":"isURLSearchParams","decl":{"start":{"line":42,"column":16},"end":{"line":42,"column":33}},"loc":{"start":{"line":42,"column":42},"end":{"line":44,"column":1}}},"8":{"name":"isAbsoluteURL","decl":{"start":{"line":46,"column":16},"end":{"line":46,"column":29}},"loc":{"start":{"line":46,"column":41},"end":{"line":48,"column":1}}},"9":{"name":"combineURL","decl":{"start":{"line":50,"column":16},"end":{"line":50,"column":26}},"loc":{"start":{"line":50,"column":64},"end":{"line":54,"column":1}}}},"branchMap":{"0":{"loc":{"start":{"line":5,"column":11},"end":{"line":5,"column":50}},"type":"binary-expr","locations":[{"start":{"line":5,"column":11},"end":{"line":5,"column":23}},{"start":{"line":5,"column":27},"end":{"line":5,"column":50}}]},"1":{"loc":{"start":{"line":28,"column":8},"end":{"line":34,"column":null}},"type":"if","locations":[{"start":{"line":28,"column":8},"end":{"line":34,"column":null}},{"start":{"line":30,"column":15},"end":{"line":34,"column":null}}]},"2":{"loc":{"start":{"line":28,"column":12},"end":{"line":28,"column":50}},"type":"binary-expr","locations":[{"start":{"line":28,"column":12},"end":{"line":28,"column":33}},{"start":{"line":28,"column":37},"end":{"line":28,"column":50}}]},"3":{"loc":{"start":{"line":30,"column":15},"end":{"line":34,"column":null}},"type":"if","locations":[{"start":{"line":30,"column":15},"end":{"line":34,"column":null}},{"start":{"line":32,"column":15},"end":{"line":34,"column":null}}]},"4":{"loc":{"start":{"line":39,"column":11},"end":{"line":39,"column":64}},"type":"binary-expr","locations":[{"start":{"line":39,"column":11},"end":{"line":39,"column":37}},{"start":{"line":39,"column":41},"end":{"line":39,"column":64}}]},"5":{"loc":{"start":{"line":43,"column":11},"end":{"line":43,"column":71}},"type":"binary-expr","locations":[{"start":{"line":43,"column":11},"end":{"line":43,"column":37}},{"start":{"line":43,"column":41},"end":{"line":43,"column":71}}]},"6":{"loc":{"start":{"line":51,"column":11},"end":{"line":53,"column":17}},"type":"cond-expr","locations":[{"start":{"line":52,"column":10},"end":{"line":52,"column":77}},{"start":{"line":53,"column":10},"end":{"line":53,"column":17}}]}},"s":{"0":11,"1":4,"2":60,"3":4,"4":17,"5":4,"6":2,"7":2,"8":2,"9":4,"10":20,"11":20,"12":20,"13":44,"14":44,"15":30,"16":30,"17":1,"18":29,"19":7,"20":22,"21":20,"22":4,"23":2,"24":4,"25":12,"26":4,"27":7,"28":4,"29":5,"30":4},"f":{"0":11,"1":60,"2":17,"3":2,"4":20,"5":30,"6":2,"7":12,"8":7,"9":5},"b":{"0":[60,60],"1":[1,29],"2":[30,1],"3":[7,22],"4":[2,2],"5":[12,12],"6":[4,1]}}
}
