TN:
SF:src/default.ts
FN:15,(anonymous_0)
FN:21,(anonymous_1)
FN:25,(anonymous_2)
FN:32,(anonymous_3)
FN:38,(anonymous_4)
FNF:5
FNH:0
FNDA:0,(anonymous_0)
FNDA:0,(anonymous_1)
FNDA:0,(anonymous_2)
FNDA:0,(anonymous_3)
FNDA:0,(anonymous_4)
DA:1,0
DA:2,0
DA:4,0
DA:16,0
DA:17,0
DA:22,0
DA:26,0
DA:30,0
DA:32,0
DA:33,0
DA:36,0
DA:38,0
DA:39,0
DA:43,0
LF:14
LH:0
BRDA:26,0,0,0
BRDA:26,0,1,0
BRF:2
BRH:0
end_of_record
TN:
SF:src/index.ts
FN:9,getAxios
FN:19,(anonymous_8)
FNF:2
FNH:0
FNDA:0,getAxios
FNDA:0,(anonymous_8)
DA:2,0
DA:3,0
DA:4,0
DA:5,0
DA:6,0
DA:7,0
DA:10,0
DA:11,0
DA:13,0
DA:16,0
DA:18,0
DA:19,0
DA:20,0
DA:22,0
DA:23,0
DA:24,0
DA:25,0
LF:17
LH:0
BRF:0
BRH:0
end_of_record
TN:
SF:src/cancel/cancel.ts
FN:4,(anonymous_0)
FN:9,isCancel
FNF:2
FNH:0
FNDA:0,(anonymous_0)
FNDA:0,isCancel
DA:1,0
DA:5,0
DA:9,0
DA:10,0
LF:4
LH:0
BRF:0
BRH:0
end_of_record
TN:
SF:src/core/Axios.ts
FN:27,(anonymous_1)
FN:38,(anonymous_2)
FN:54,(anonymous_3)
FN:58,(anonymous_4)
FN:72,(anonymous_5)
FN:78,(anonymous_6)
FN:84,(anonymous_7)
FN:90,(anonymous_8)
FN:96,(anonymous_9)
FN:103,(anonymous_10)
FN:110,(anonymous_11)
FN:118,(anonymous_12)
FN:130,(anonymous_13)
FNF:13
FNH:0
FNDA:0,(anonymous_1)
FNDA:0,(anonymous_2)
FNDA:0,(anonymous_3)
FNDA:0,(anonymous_4)
FNDA:0,(anonymous_5)
FNDA:0,(anonymous_6)
FNDA:0,(anonymous_7)
FNDA:0,(anonymous_8)
FNDA:0,(anonymous_9)
FNDA:0,(anonymous_10)
FNDA:0,(anonymous_11)
FNDA:0,(anonymous_12)
FNDA:0,(anonymous_13)
DA:9,0
DA:10,0
DA:11,0
DA:27,0
DA:29,0
DA:31,0
DA:37,0
DA:38,0
DA:39,0
DA:40,0
DA:41,0
DA:43,0
DA:45,0
DA:47,0
DA:54,0
DA:55,0
DA:58,0
DA:59,0
DA:62,0
DA:64,0
DA:65,0
DA:66,0
DA:69,0
DA:72,0
DA:76,0
DA:78,0
DA:82,0
DA:84,0
DA:88,0
DA:90,0
DA:94,0
DA:96,0
DA:101,0
DA:103,0
DA:108,0
DA:110,0
DA:115,0
DA:118,0
DA:123,0
DA:130,0
DA:136,0
LF:41
LH:0
BRDA:39,0,0,0
BRDA:39,0,1,0
BRDA:40,1,0,0
BRDA:40,1,1,0
BRDA:124,2,0,0
BRDA:124,2,1,0
BRDA:137,3,0,0
BRDA:137,3,1,0
BRF:8
BRH:0
end_of_record
TN:
SF:src/core/interceptorManager.ts
FN:10,(anonymous_0)
FN:13,(anonymous_1)
FN:20,(anonymous_2)
FN:21,(anonymous_3)
FN:27,(anonymous_4)
FNF:5
FNH:0
FNDA:0,(anonymous_0)
FNDA:0,(anonymous_1)
FNDA:0,(anonymous_2)
FNDA:0,(anonymous_3)
FNDA:0,(anonymous_4)
DA:7,0
DA:11,0
DA:14,0
DA:18,0
DA:21,0
DA:22,0
DA:23,0
DA:28,0
DA:29,0
LF:9
LH:0
BRDA:22,0,0,0
BRDA:28,1,0,0
BRF:2
BRH:0
end_of_record
TN:
SF:src/core/mergeConfig.ts
FN:3,mergeConfig
FN:30,(anonymous_1)
FN:44,(anonymous_2)
FN:52,(anonymous_3)
FNF:4
FNH:0
FNDA:0,mergeConfig
FNDA:0,(anonymous_1)
FNDA:0,(anonymous_2)
FNDA:0,(anonymous_3)
DA:2,0
DA:3,0
DA:7,0
DA:9,0
DA:30,0
DA:31,0
DA:33,0
DA:35,0
DA:37,0
DA:39,0
DA:43,0
DA:44,0
DA:45,0
DA:46,0
DA:47,0
DA:51,0
DA:52,0
DA:53,0
DA:54,0
DA:55,0
DA:56,0
DA:57,0
DA:58,0
DA:59,0
DA:60,0
DA:61,0
DA:64,0
LF:27
LH:0
BRDA:31,0,0,0
BRDA:31,0,1,0
BRDA:33,1,0,0
BRDA:33,1,1,0
BRDA:37,2,0,0
BRDA:45,3,0,0
BRDA:45,3,1,0
BRDA:46,4,0,0
BRDA:53,5,0,0
BRDA:53,5,1,0
BRDA:54,6,0,0
BRDA:54,6,1,0
BRDA:56,7,0,0
BRDA:56,7,1,0
BRDA:58,8,0,0
BRDA:58,8,1,0
BRDA:60,9,0,0
BRF:17
BRH:0
end_of_record
TN:
SF:src/core/transform.ts
FN:3,transform
FN:14,(anonymous_1)
FNF:2
FNH:0
FNDA:0,transform
FNDA:0,(anonymous_1)
DA:3,0
DA:8,0
DA:9,0
DA:11,0
DA:12,0
DA:14,0
DA:15,0
DA:17,0
LF:8
LH:0
BRDA:8,0,0,0
BRDA:11,1,0,0
BRF:2
BRH:0
end_of_record
TN:
SF:src/core/xhr.ts
FN:7,axios
FN:8,(anonymous_2)
FN:40,configureRequest
FN:58,addEvents
FN:59,handleLoad
FN:86,handleError
FN:90,handleTimeout
FN:110,processHeaders
FN:122,(anonymous_9)
FN:131,processCancel
FN:133,(anonymous_11)
FN:140,handleResponse
FNF:12
FNH:0
FNDA:0,axios
FNDA:0,(anonymous_2)
FNDA:0,configureRequest
FNDA:0,addEvents
FNDA:0,handleLoad
FNDA:0,handleError
FNDA:0,handleTimeout
FNDA:0,processHeaders
FNDA:0,(anonymous_9)
FNDA:0,processCancel
FNDA:0,(anonymous_11)
FNDA:0,handleResponse
DA:2,0
DA:3,0
DA:4,0
DA:5,0
DA:6,0
DA:7,0
DA:8,0
DA:24,0
DA:26,0
DA:28,0
DA:30,0
DA:32,0
DA:34,0
DA:36,0
DA:38,0
DA:41,0
DA:42,0
DA:45,0
DA:46,0
DA:49,0
DA:50,0
DA:52,0
DA:53,0
DA:59,0
DA:60,0
DA:61,0
DA:64,0
DA:65,0
DA:68,0
DA:72,0
DA:75,0
DA:83,0
DA:86,0
DA:87,0
DA:90,0
DA:91,0
DA:101,0
DA:102,0
DA:105,0
DA:106,0
DA:111,0
DA:112,0
DA:115,0
DA:116,0
DA:117,0
DA:118,0
DA:122,0
DA:123,0
DA:124,0
DA:126,0
DA:132,0
DA:133,0
DA:134,0
DA:135,0
DA:141,0
DA:142,0
DA:144,0
LF:57
LH:0
BRDA:10,0,0,0
BRDA:12,1,0,0
BRDA:41,2,0,0
BRDA:45,3,0,0
BRDA:49,4,0,0
BRDA:52,5,0,0
BRDA:60,6,0,0
BRDA:64,7,0,0
BRDA:72,8,0,0
BRDA:72,8,1,0
BRDA:72,9,0,0
BRDA:72,9,1,0
BRDA:101,10,0,0
BRDA:105,11,0,0
BRDA:111,12,0,0
BRDA:115,13,0,0
BRDA:115,14,0,0
BRDA:115,14,1,0
BRDA:115,14,2,0
BRDA:117,15,0,0
BRDA:123,16,0,0
BRDA:123,16,1,0
BRDA:123,17,0,0
BRDA:123,17,1,0
BRDA:132,18,0,0
BRDA:141,19,0,0
BRDA:141,19,1,0
BRDA:141,20,0,0
BRDA:141,20,1,0
BRF:29
BRH:0
end_of_record
TN:
SF:src/helpers/cookie.ts
FN:2,(anonymous_0)
FNF:1
FNH:1
FNDA:2,(anonymous_0)
DA:1,1
DA:3,2
DA:6,2
DA:10,1
LF:4
LH:4
BRDA:6,0,0,1
BRDA:6,0,1,1
BRF:2
BRH:2
end_of_record
TN:
SF:src/helpers/data.ts
FN:3,transformRequest
FN:9,transformResponse
FNF:2
FNH:2
FNDA:2,transformRequest
FNDA:3,transformResponse
DA:1,1
DA:3,1
DA:4,2
DA:5,1
DA:7,1
DA:9,1
DA:10,3
DA:11,2
DA:12,2
DA:17,3
LF:10
LH:10
BRDA:4,0,0,1
BRDA:10,1,0,2
BRF:2
BRH:2
end_of_record
TN:
SF:src/helpers/error.ts
FN:10,(anonymous_0)
FN:29,createError
FNF:2
FNH:2
FNDA:1,(anonymous_0)
FNDA:1,createError
DA:3,1
DA:17,1
DA:19,1
DA:20,1
DA:21,1
DA:22,1
DA:23,1
DA:25,1
DA:29,1
DA:36,1
DA:37,1
LF:11
LH:11
BRF:0
BRH:0
end_of_record
TN:
SF:src/helpers/headers.ts
FN:4,normalizeHeaderName
FN:8,(anonymous_1)
FN:19,processHeaders
FN:29,parseHeaders
FN:35,(anonymous_4)
FN:48,flattenHeaders
FN:65,(anonymous_6)
FNF:7
FNH:7
FNDA:5,normalizeHeaderName
FNDA:2,(anonymous_1)
FNDA:5,processHeaders
FNDA:2,parseHeaders
FNDA:6,(anonymous_4)
FNDA:4,flattenHeaders
FNDA:16,(anonymous_6)
DA:2,1
DA:5,5
DA:6,2
DA:8,3
DA:9,2
DA:13,1
DA:14,1
DA:19,1
DA:20,5
DA:22,5
DA:23,4
DA:24,1
DA:27,5
DA:29,1
DA:30,2
DA:31,2
DA:32,1
DA:35,1
DA:36,6
DA:37,6
DA:38,6
DA:39,1
DA:41,5
DA:42,5
DA:45,1
DA:48,1
DA:49,4
DA:50,2
DA:52,2
DA:54,2
DA:65,2
DA:66,16
DA:69,2
LF:33
LH:33
BRDA:5,0,0,2
BRDA:9,1,0,1
BRDA:10,2,0,2
BRDA:10,2,1,2
BRDA:22,3,0,4
BRDA:23,4,0,1
BRDA:23,5,0,4
BRDA:23,5,1,2
BRDA:31,6,0,1
BRDA:38,7,0,1
BRDA:49,8,0,2
BRDA:52,9,0,2
BRDA:52,9,1,1
BRDA:52,10,0,2
BRDA:52,10,1,1
BRF:15
BRH:15
end_of_record
TN:
SF:src/helpers/url.ts
FN:6,encode
FN:29,buildURL
FN:45,(anonymous_2)
FN:57,(anonymous_3)
FN:81,isURLSameOrigin
FN:92,resolveURL
FNF:6
FNH:6
FNDA:18,encode
FNDA:12,buildURL
FNDA:10,(anonymous_2)
FNDA:9,(anonymous_3)
FNDA:2,isURLSameOrigin
FNDA:3,resolveURL
DA:1,1
DA:7,18
DA:29,1
DA:34,12
DA:35,1
DA:38,11
DA:39,1
DA:40,10
DA:41,1
DA:43,9
DA:45,9
DA:46,10
DA:47,10
DA:48,2
DA:50,8
DA:51,8
DA:52,1
DA:53,1
DA:55,7
DA:57,8
DA:58,9
DA:59,1
DA:60,8
DA:61,1
DA:63,9
DA:67,9
DA:70,11
DA:71,10
DA:72,10
DA:73,1
DA:76,10
DA:79,11
DA:81,1
DA:82,2
DA:83,2
DA:89,1
DA:90,1
DA:93,3
DA:94,3
DA:96,3
LF:40
LH:40
BRDA:34,0,0,1
BRDA:38,1,0,1
BRDA:38,1,1,10
BRDA:40,2,0,1
BRDA:40,2,1,9
BRDA:47,3,0,2
BRDA:47,4,0,10
BRDA:47,4,1,8
BRDA:51,5,0,1
BRDA:51,5,1,7
BRDA:58,6,0,1
BRDA:58,6,1,8
BRDA:60,7,0,1
BRDA:70,8,0,10
BRDA:72,9,0,1
BRDA:76,10,0,8
BRDA:76,10,1,2
BRDA:84,11,0,2
BRDA:84,11,1,1
BRF:19
BRH:19
end_of_record
TN:
SF:src/helpers/util.ts
FN:1,isDate
FN:4,isObject
FN:7,isPlainObject
FN:11,extend
FN:17,deepMerge
FN:27,assignValue
FN:38,isFormData
FN:42,isURLSearchParams
FN:46,isAbsoluteURL
FN:50,combineURL
FNF:10
FNH:10
FNDA:11,isDate
FNDA:60,isObject
FNDA:17,isPlainObject
FNDA:2,extend
FNDA:20,deepMerge
FNDA:30,assignValue
FNDA:2,isFormData
FNDA:12,isURLSearchParams
FNDA:7,isAbsoluteURL
FNDA:5,combineURL
DA:1,4
DA:2,11
DA:4,4
DA:5,60
DA:7,4
DA:8,17
DA:11,4
DA:12,2
DA:13,2
DA:15,2
DA:17,4
DA:18,20
DA:20,20
DA:21,44
DA:22,44
DA:23,30
DA:28,30
DA:29,1
DA:30,29
DA:31,7
DA:33,22
DA:36,20
DA:38,4
DA:39,2
DA:42,4
DA:43,12
DA:46,4
DA:47,7
DA:50,4
DA:51,5
LF:30
LH:30
BRDA:5,0,0,60
BRDA:5,0,1,60
BRDA:28,1,0,1
BRDA:28,1,1,29
BRDA:28,2,0,30
BRDA:28,2,1,1
BRDA:30,3,0,7
BRDA:30,3,1,22
BRDA:39,4,0,2
BRDA:39,4,1,2
BRDA:43,5,0,12
BRDA:43,5,1,12
BRDA:51,6,0,4
BRDA:51,6,1,1
BRF:14
BRH:14
end_of_record
