TN:
SF:src/default.ts
FN:15,(anonymous_0)
FN:21,(anonymous_1)
FN:25,(anonymous_2)
FN:32,(anonymous_3)
FN:38,(anonymous_4)
FNF:5
FNH:0
FNDA:0,(anonymous_0)
FNDA:0,(anonymous_1)
FNDA:0,(anonymous_2)
FNDA:0,(anonymous_3)
FNDA:0,(anonymous_4)
DA:1,0
DA:2,0
DA:4,0
DA:16,0
DA:17,0
DA:22,0
DA:26,0
DA:30,0
DA:32,0
DA:33,0
DA:36,0
DA:38,0
DA:39,0
DA:43,0
LF:14
LH:0
BRDA:26,0,0,0
BRDA:26,0,1,0
BRF:2
BRH:0
end_of_record
TN:
SF:src/index.ts
FN:9,getAxios
FN:19,(anonymous_8)
FNF:2
FNH:0
FNDA:0,getAxios
FNDA:0,(anonymous_8)
DA:2,0
DA:3,0
DA:4,0
DA:5,0
DA:6,0
DA:7,0
DA:10,0
DA:11,0
DA:13,0
DA:16,0
DA:18,0
DA:19,0
DA:20,0
DA:22,0
DA:23,0
DA:24,0
DA:25,0
LF:17
LH:0
BRF:0
BRH:0
end_of_record
TN:
SF:src/cancel/cancel.ts
FN:4,(anonymous_0)
FN:9,isCancel
FNF:2
FNH:0
FNDA:0,(anonymous_0)
FNDA:0,isCancel
DA:1,0
DA:5,0
DA:9,0
DA:10,0
LF:4
LH:0
BRF:0
BRH:0
end_of_record
TN:
SF:src/core/Axios.ts
FN:27,(anonymous_1)
FN:38,(anonymous_2)
FN:54,(anonymous_3)
FN:58,(anonymous_4)
FN:72,(anonymous_5)
FN:78,(anonymous_6)
FN:84,(anonymous_7)
FN:90,(anonymous_8)
FN:96,(anonymous_9)
FN:103,(anonymous_10)
FN:110,(anonymous_11)
FN:118,(anonymous_12)
FN:130,(anonymous_13)
FNF:13
FNH:0
FNDA:0,(anonymous_1)
FNDA:0,(anonymous_2)
FNDA:0,(anonymous_3)
FNDA:0,(anonymous_4)
FNDA:0,(anonymous_5)
FNDA:0,(anonymous_6)
FNDA:0,(anonymous_7)
FNDA:0,(anonymous_8)
FNDA:0,(anonymous_9)
FNDA:0,(anonymous_10)
FNDA:0,(anonymous_11)
FNDA:0,(anonymous_12)
FNDA:0,(anonymous_13)
DA:9,0
DA:10,0
DA:11,0
DA:27,0
DA:29,0
DA:31,0
DA:37,0
DA:38,0
DA:39,0
DA:40,0
DA:41,0
DA:43,0
DA:45,0
DA:47,0
DA:54,0
DA:55,0
DA:58,0
DA:59,0
DA:62,0
DA:64,0
DA:65,0
DA:66,0
DA:69,0
DA:72,0
DA:76,0
DA:78,0
DA:82,0
DA:84,0
DA:88,0
DA:90,0
DA:94,0
DA:96,0
DA:101,0
DA:103,0
DA:108,0
DA:110,0
DA:115,0
DA:118,0
DA:123,0
DA:130,0
DA:136,0
LF:41
LH:0
BRDA:39,0,0,0
BRDA:39,0,1,0
BRDA:40,1,0,0
BRDA:40,1,1,0
BRDA:124,2,0,0
BRDA:124,2,1,0
BRDA:137,3,0,0
BRDA:137,3,1,0
BRF:8
BRH:0
end_of_record
TN:
SF:src/core/interceptorManager.ts
FN:10,(anonymous_0)
FN:13,(anonymous_1)
FN:20,(anonymous_2)
FN:21,(anonymous_3)
FN:27,(anonymous_4)
FNF:5
FNH:0
FNDA:0,(anonymous_0)
FNDA:0,(anonymous_1)
FNDA:0,(anonymous_2)
FNDA:0,(anonymous_3)
FNDA:0,(anonymous_4)
DA:7,0
DA:11,0
DA:14,0
DA:18,0
DA:21,0
DA:22,0
DA:23,0
DA:28,0
DA:29,0
LF:9
LH:0
BRDA:22,0,0,0
BRDA:28,1,0,0
BRF:2
BRH:0
end_of_record
TN:
SF:src/core/mergeConfig.ts
FN:3,mergeConfig
FN:30,(anonymous_1)
FN:44,(anonymous_2)
FN:52,(anonymous_3)
FNF:4
FNH:0
FNDA:0,mergeConfig
FNDA:0,(anonymous_1)
FNDA:0,(anonymous_2)
FNDA:0,(anonymous_3)
DA:2,0
DA:3,0
DA:7,0
DA:9,0
DA:30,0
DA:31,0
DA:33,0
DA:35,0
DA:37,0
DA:39,0
DA:43,0
DA:44,0
DA:45,0
DA:46,0
DA:47,0
DA:51,0
DA:52,0
DA:53,0
DA:54,0
DA:55,0
DA:56,0
DA:57,0
DA:58,0
DA:59,0
DA:60,0
DA:61,0
DA:64,0
LF:27
LH:0
BRDA:31,0,0,0
BRDA:31,0,1,0
BRDA:33,1,0,0
BRDA:33,1,1,0
BRDA:37,2,0,0
BRDA:45,3,0,0
BRDA:45,3,1,0
BRDA:46,4,0,0
BRDA:53,5,0,0
BRDA:53,5,1,0
BRDA:54,6,0,0
BRDA:54,6,1,0
BRDA:56,7,0,0
BRDA:56,7,1,0
BRDA:58,8,0,0
BRDA:58,8,1,0
BRDA:60,9,0,0
BRF:17
BRH:0
end_of_record
TN:
SF:src/core/transform.ts
FN:3,transform
FN:14,(anonymous_1)
FNF:2
FNH:0
FNDA:0,transform
FNDA:0,(anonymous_1)
DA:3,0
DA:8,0
DA:9,0
DA:11,0
DA:12,0
DA:14,0
DA:15,0
DA:17,0
LF:8
LH:0
BRDA:8,0,0,0
BRDA:11,1,0,0
BRF:2
BRH:0
end_of_record
TN:
SF:src/core/xhr.ts
FN:7,axios
FN:8,(anonymous_2)
FN:40,configureRequest
FN:58,addEvents
FN:59,handleLoad
FN:86,handleError
FN:90,handleTimeout
FN:110,processHeaders
FN:122,(anonymous_9)
FN:131,processCancel
FN:133,(anonymous_11)
FN:140,handleResponse
FNF:12
FNH:0
FNDA:0,axios
FNDA:0,(anonymous_2)
FNDA:0,configureRequest
FNDA:0,addEvents
FNDA:0,handleLoad
FNDA:0,handleError
FNDA:0,handleTimeout
FNDA:0,processHeaders
FNDA:0,(anonymous_9)
FNDA:0,processCancel
FNDA:0,(anonymous_11)
FNDA:0,handleResponse
DA:2,0
DA:3,0
DA:4,0
DA:5,0
DA:6,0
DA:7,0
DA:8,0
DA:24,0
DA:26,0
DA:28,0
DA:30,0
DA:32,0
DA:34,0
DA:36,0
DA:38,0
DA:41,0
DA:42,0
DA:45,0
DA:46,0
DA:49,0
DA:50,0
DA:52,0
DA:53,0
DA:59,0
DA:60,0
DA:61,0
DA:64,0
DA:65,0
DA:68,0
DA:72,0
DA:75,0
DA:83,0
DA:86,0
DA:87,0
DA:90,0
DA:91,0
DA:101,0
DA:102,0
DA:105,0
DA:106,0
DA:111,0
DA:112,0
DA:115,0
DA:116,0
DA:117,0
DA:118,0
DA:122,0
DA:123,0
DA:124,0
DA:126,0
DA:132,0
DA:133,0
DA:134,0
DA:135,0
DA:141,0
DA:142,0
DA:144,0
LF:57
LH:0
BRDA:10,0,0,0
BRDA:12,1,0,0
BRDA:41,2,0,0
BRDA:45,3,0,0
BRDA:49,4,0,0
BRDA:52,5,0,0
BRDA:60,6,0,0
BRDA:64,7,0,0
BRDA:72,8,0,0
BRDA:72,8,1,0
BRDA:72,9,0,0
BRDA:72,9,1,0
BRDA:101,10,0,0
BRDA:105,11,0,0
BRDA:111,12,0,0
BRDA:115,13,0,0
BRDA:115,14,0,0
BRDA:115,14,1,0
BRDA:115,14,2,0
BRDA:117,15,0,0
BRDA:123,16,0,0
BRDA:123,16,1,0
BRDA:123,17,0,0
BRDA:123,17,1,0
BRDA:132,18,0,0
BRDA:141,19,0,0
BRDA:141,19,1,0
BRDA:141,20,0,0
BRDA:141,20,1,0
BRF:29
BRH:0
end_of_record
TN:
SF:src/helpers/cookie.ts
FN:2,(anonymous_0)
FNF:1
FNH:0
FNDA:0,(anonymous_0)
DA:1,0
DA:3,0
DA:6,0
DA:10,0
LF:4
LH:0
BRDA:6,0,0,0
BRDA:6,0,1,0
BRF:2
BRH:0
end_of_record
TN:
SF:src/helpers/data.ts
FN:3,transformRequest
FN:9,transformResponse
FNF:2
FNH:0
FNDA:0,transformRequest
FNDA:0,transformResponse
DA:1,0
DA:3,0
DA:4,0
DA:5,0
DA:7,0
DA:9,0
DA:10,0
DA:11,0
DA:12,0
DA:17,0
LF:10
LH:0
BRDA:4,0,0,0
BRDA:10,1,0,0
BRF:2
BRH:0
end_of_record
TN:
SF:src/helpers/headers.ts
FN:4,normalizeHeaderName
FN:8,(anonymous_1)
FN:19,processHeaders
FN:29,parseHeaders
FN:35,(anonymous_4)
FN:50,flattenHeaders
FN:67,(anonymous_6)
FNF:7
FNH:0
FNDA:0,normalizeHeaderName
FNDA:0,(anonymous_1)
FNDA:0,processHeaders
FNDA:0,parseHeaders
FNDA:0,(anonymous_4)
FNDA:0,flattenHeaders
FNDA:0,(anonymous_6)
DA:2,0
DA:5,0
DA:6,0
DA:8,0
DA:9,0
DA:13,0
DA:14,0
DA:19,0
DA:20,0
DA:22,0
DA:23,0
DA:24,0
DA:27,0
DA:29,0
DA:30,0
DA:31,0
DA:32,0
DA:35,0
DA:36,0
DA:37,0
DA:38,0
DA:39,0
DA:41,0
DA:42,0
DA:44,0
DA:47,0
DA:50,0
DA:51,0
DA:52,0
DA:54,0
DA:56,0
DA:67,0
DA:68,0
DA:71,0
LF:34
LH:0
BRDA:5,0,0,0
BRDA:9,1,0,0
BRDA:10,2,0,0
BRDA:10,2,1,0
BRDA:22,3,0,0
BRDA:23,4,0,0
BRDA:23,5,0,0
BRDA:23,5,1,0
BRDA:31,6,0,0
BRDA:38,7,0,0
BRDA:41,8,0,0
BRDA:51,9,0,0
BRDA:54,10,0,0
BRDA:54,10,1,0
BRDA:54,11,0,0
BRDA:54,11,1,0
BRF:16
BRH:0
end_of_record
TN:
SF:src/helpers/url.ts
FN:6,encode
FN:29,builndUrl
FN:45,(anonymous_2)
FN:57,(anonymous_3)
FN:81,isURLSameOrigin
FN:92,resolveURL
FNF:6
FNH:0
FNDA:0,encode
FNDA:0,builndUrl
FNDA:0,(anonymous_2)
FNDA:0,(anonymous_3)
FNDA:0,isURLSameOrigin
FNDA:0,resolveURL
DA:1,0
DA:7,0
DA:29,0
DA:34,0
DA:35,0
DA:38,0
DA:39,0
DA:40,0
DA:41,0
DA:43,0
DA:45,0
DA:46,0
DA:47,0
DA:48,0
DA:50,0
DA:51,0
DA:52,0
DA:53,0
DA:55,0
DA:57,0
DA:58,0
DA:59,0
DA:60,0
DA:61,0
DA:63,0
DA:67,0
DA:70,0
DA:71,0
DA:72,0
DA:73,0
DA:76,0
DA:79,0
DA:81,0
DA:82,0
DA:83,0
DA:89,0
DA:90,0
DA:93,0
DA:94,0
DA:96,0
LF:40
LH:0
BRDA:34,0,0,0
BRDA:38,1,0,0
BRDA:38,1,1,0
BRDA:40,2,0,0
BRDA:40,2,1,0
BRDA:47,3,0,0
BRDA:47,4,0,0
BRDA:47,4,1,0
BRDA:51,5,0,0
BRDA:51,5,1,0
BRDA:58,6,0,0
BRDA:58,6,1,0
BRDA:60,7,0,0
BRDA:70,8,0,0
BRDA:72,9,0,0
BRDA:76,10,0,0
BRDA:76,10,1,0
BRDA:84,11,0,0
BRDA:84,11,1,0
BRF:19
BRH:0
end_of_record
TN:
SF:src/helpers/util.ts
FN:1,isDate
FN:4,isObject
FN:7,isPlainObject
FN:11,extend
FN:17,deepMerge
FN:27,assignValue
FN:38,isFormData
FN:42,isURLSearchParams
FN:46,isAbsoluteURL
FN:50,combineURL
FNF:10
FNH:8
FNDA:2,isDate
FNDA:36,isObject
FNDA:2,isPlainObject
FNDA:2,extend
FNDA:14,deepMerge
FNDA:18,assignValue
FNDA:2,isFormData
FNDA:2,isURLSearchParams
FNDA:0,isAbsoluteURL
FNDA:0,combineURL
DA:1,1
DA:2,2
DA:4,1
DA:5,36
DA:7,1
DA:8,2
DA:11,1
DA:12,2
DA:13,2
DA:15,2
DA:17,1
DA:18,14
DA:20,14
DA:21,30
DA:22,30
DA:23,18
DA:28,18
DA:29,1
DA:30,17
DA:31,3
DA:33,14
DA:36,14
DA:38,1
DA:39,2
DA:42,1
DA:43,2
DA:46,1
DA:47,0
DA:50,1
DA:51,0
LF:30
LH:28
BRDA:5,0,0,36
BRDA:5,0,1,36
BRDA:28,1,0,1
BRDA:28,1,1,17
BRDA:28,2,0,18
BRDA:28,2,1,1
BRDA:30,3,0,3
BRDA:30,3,1,14
BRDA:39,4,0,2
BRDA:39,4,1,2
BRDA:43,5,0,2
BRDA:43,5,1,2
BRDA:51,6,0,0
BRDA:51,6,1,0
BRF:14
BRH:12
end_of_record
